<?xml version="1.0" encoding="UTF-8"?>
<coverage generated="1618075234">
  <project timestamp="1618075234">
    <file name="/Users/shukriyusof/Documents/project/malaysia/src/District.php">
      <class name="Shukriyusof\Kolonialisme\District" namespace="global">
        <metrics complexity="13" methods="4" coveredmethods="1" conditionals="0" coveredconditionals="0" statements="21" coveredstatements="18" elements="25" coveredelements="19"/>
      </class>
      <line num="5" type="method" name="getAllDistricts" visibility="public" complexity="1" crap="1" count="1"/>
      <line num="6" type="stmt" count="1"/>
      <line num="7" type="stmt" count="1"/>
      <line num="9" type="stmt" count="1"/>
      <line num="13" type="method" name="getDistrictById" visibility="public" complexity="4" crap="4.07" count="1"/>
      <line num="14" type="stmt" count="1"/>
      <line num="15" type="stmt" count="1"/>
      <line num="17" type="stmt" count="1"/>
      <line num="18" type="stmt" count="1"/>
      <line num="19" type="stmt" count="1"/>
      <line num="23" type="stmt" count="0"/>
      <line num="27" type="method" name="getDistrictByName" visibility="public" complexity="4" crap="4.07" count="1"/>
      <line num="28" type="stmt" count="1"/>
      <line num="29" type="stmt" count="1"/>
      <line num="31" type="stmt" count="1"/>
      <line num="32" type="stmt" count="1"/>
      <line num="33" type="stmt" count="1"/>
      <line num="37" type="stmt" count="0"/>
      <line num="41" type="method" name="getDistrictByStateId" visibility="public" complexity="4" crap="4.07" count="1"/>
      <line num="42" type="stmt" count="1"/>
      <line num="43" type="stmt" count="1"/>
      <line num="45" type="stmt" count="1"/>
      <line num="46" type="stmt" count="1"/>
      <line num="47" type="stmt" count="1"/>
      <line num="51" type="stmt" count="0"/>
      <metrics loc="53" ncloc="50" classes="1" methods="4" coveredmethods="1" conditionals="0" coveredconditionals="0" statements="21" coveredstatements="18" elements="25" coveredelements="19"/>
    </file>
    <file name="/Users/shukriyusof/Documents/project/malaysia/src/School.php">
      <class name="Shukriyusof\Kolonialisme\School" namespace="global">
        <metrics complexity="38" methods="11" coveredmethods="10" conditionals="0" coveredconditionals="0" statements="73" coveredstatements="72" elements="84" coveredelements="82"/>
      </class>
      <line num="6" type="method" name="getAllSchools" visibility="public" complexity="1" crap="1" count="1"/>
      <line num="7" type="stmt" count="1"/>
      <line num="8" type="stmt" count="1"/>
      <line num="10" type="stmt" count="1"/>
      <line num="14" type="method" name="getSchoolById" visibility="public" complexity="4" crap="4.07" count="1"/>
      <line num="15" type="stmt" count="1"/>
      <line num="16" type="stmt" count="1"/>
      <line num="18" type="stmt" count="1"/>
      <line num="19" type="stmt" count="1"/>
      <line num="20" type="stmt" count="1"/>
      <line num="24" type="stmt" count="0"/>
      <line num="28" type="method" name="getSchoolByLevel" visibility="public" complexity="4" crap="4" count="1"/>
      <line num="29" type="stmt" count="1"/>
      <line num="30" type="stmt" count="1"/>
      <line num="31" type="stmt" count="1"/>
      <line num="33" type="stmt" count="1"/>
      <line num="34" type="stmt" count="1"/>
      <line num="35" type="stmt" count="1"/>
      <line num="39" type="stmt" count="1"/>
      <line num="43" type="method" name="getSchoolByDistrictId" visibility="public" complexity="4" crap="4" count="1"/>
      <line num="44" type="stmt" count="1"/>
      <line num="45" type="stmt" count="1"/>
      <line num="46" type="stmt" count="1"/>
      <line num="48" type="stmt" count="1"/>
      <line num="49" type="stmt" count="1"/>
      <line num="51" type="stmt" count="1"/>
      <line num="55" type="stmt" count="1"/>
      <line num="59" type="method" name="getSchoolByCity" visibility="public" complexity="4" crap="4" count="1"/>
      <line num="60" type="stmt" count="1"/>
      <line num="61" type="stmt" count="1"/>
      <line num="62" type="stmt" count="1"/>
      <line num="64" type="stmt" count="1"/>
      <line num="65" type="stmt" count="1"/>
      <line num="66" type="stmt" count="1"/>
      <line num="70" type="stmt" count="1"/>
      <line num="73" type="method" name="getSchoolByPostcode" visibility="public" complexity="4" crap="4" count="1"/>
      <line num="74" type="stmt" count="1"/>
      <line num="75" type="stmt" count="1"/>
      <line num="76" type="stmt" count="1"/>
      <line num="78" type="stmt" count="1"/>
      <line num="79" type="stmt" count="1"/>
      <line num="80" type="stmt" count="1"/>
      <line num="84" type="stmt" count="1"/>
      <line num="87" type="method" name="getCountAllSchools" visibility="public" complexity="1" crap="1" count="1"/>
      <line num="88" type="stmt" count="1"/>
      <line num="89" type="stmt" count="1"/>
      <line num="91" type="stmt" count="1"/>
      <line num="93" type="stmt" count="1"/>
      <line num="96" type="method" name="getCountSchoolByLevel" visibility="public" complexity="4" crap="4" count="1"/>
      <line num="97" type="stmt" count="1"/>
      <line num="98" type="stmt" count="1"/>
      <line num="99" type="stmt" count="1"/>
      <line num="101" type="stmt" count="1"/>
      <line num="102" type="stmt" count="1"/>
      <line num="103" type="stmt" count="1"/>
      <line num="107" type="stmt" count="1"/>
      <line num="108" type="stmt" count="1"/>
      <line num="111" type="method" name="getCountSchoolByDistrictId" visibility="public" complexity="4" crap="4" count="1"/>
      <line num="112" type="stmt" count="1"/>
      <line num="113" type="stmt" count="1"/>
      <line num="114" type="stmt" count="1"/>
      <line num="116" type="stmt" count="1"/>
      <line num="117" type="stmt" count="1"/>
      <line num="118" type="stmt" count="1"/>
      <line num="122" type="stmt" count="1"/>
      <line num="123" type="stmt" count="1"/>
      <line num="126" type="method" name="getCountSchoolByCity" visibility="public" complexity="4" crap="4" count="1"/>
      <line num="127" type="stmt" count="1"/>
      <line num="128" type="stmt" count="1"/>
      <line num="129" type="stmt" count="1"/>
      <line num="131" type="stmt" count="1"/>
      <line num="132" type="stmt" count="1"/>
      <line num="133" type="stmt" count="1"/>
      <line num="137" type="stmt" count="1"/>
      <line num="138" type="stmt" count="1"/>
      <line num="141" type="method" name="getCountSchoolByPostcode" visibility="public" complexity="4" crap="4" count="1"/>
      <line num="142" type="stmt" count="1"/>
      <line num="143" type="stmt" count="1"/>
      <line num="144" type="stmt" count="1"/>
      <line num="146" type="stmt" count="1"/>
      <line num="147" type="stmt" count="1"/>
      <line num="148" type="stmt" count="1"/>
      <line num="152" type="stmt" count="1"/>
      <line num="153" type="stmt" count="1"/>
      <line num="155" type="stmt" count="1"/>
      <metrics loc="154" ncloc="150" classes="1" methods="11" coveredmethods="10" conditionals="0" coveredconditionals="0" statements="73" coveredstatements="72" elements="84" coveredelements="82"/>
    </file>
    <file name="/Users/shukriyusof/Documents/project/malaysia/src/State.php">
      <class name="Shukriyusof\Kolonialisme\State" namespace="global">
        <metrics complexity="17" methods="5" coveredmethods="1" conditionals="0" coveredconditionals="0" statements="27" coveredstatements="23" elements="32" coveredelements="24"/>
      </class>
      <line num="6" type="method" name="getAllStates" visibility="public" complexity="1" crap="1" count="1"/>
      <line num="7" type="stmt" count="1"/>
      <line num="8" type="stmt" count="1"/>
      <line num="10" type="stmt" count="1"/>
      <line num="13" type="method" name="getStateByShortname" visibility="public" complexity="4" crap="4.07" count="1"/>
      <line num="14" type="stmt" count="1"/>
      <line num="15" type="stmt" count="1"/>
      <line num="17" type="stmt" count="1"/>
      <line num="18" type="stmt" count="1"/>
      <line num="19" type="stmt" count="1"/>
      <line num="23" type="stmt" count="0"/>
      <line num="26" type="method" name="getStateByName" visibility="public" complexity="4" crap="4.07" count="1"/>
      <line num="27" type="stmt" count="1"/>
      <line num="28" type="stmt" count="1"/>
      <line num="30" type="stmt" count="1"/>
      <line num="31" type="stmt" count="1"/>
      <line num="32" type="stmt" count="1"/>
      <line num="36" type="stmt" count="0"/>
      <line num="39" type="method" name="getStateById" visibility="public" complexity="4" crap="4.07" count="1"/>
      <line num="40" type="stmt" count="1"/>
      <line num="41" type="stmt" count="1"/>
      <line num="43" type="stmt" count="1"/>
      <line num="44" type="stmt" count="1"/>
      <line num="45" type="stmt" count="1"/>
      <line num="49" type="stmt" count="0"/>
      <line num="52" type="method" name="getStateByIso" visibility="public" complexity="4" crap="4.07" count="1"/>
      <line num="53" type="stmt" count="1"/>
      <line num="54" type="stmt" count="1"/>
      <line num="56" type="stmt" count="1"/>
      <line num="57" type="stmt" count="1"/>
      <line num="58" type="stmt" count="1"/>
      <line num="62" type="stmt" count="0"/>
      <metrics loc="64" ncloc="64" classes="1" methods="5" coveredmethods="1" conditionals="0" coveredconditionals="0" statements="27" coveredstatements="23" elements="32" coveredelements="24"/>
    </file>
    <metrics files="3" loc="271" ncloc="264" classes="3" methods="20" coveredmethods="12" conditionals="0" coveredconditionals="0" statements="121" coveredstatements="113" elements="141" coveredelements="125"/>
  </project>
</coverage>
